<?xml version="1.0" encoding="UTF-8"?>
<testsuite name="com.example.fabrikam.TodoDemo.TodoDemoApplicationTests" time="0" tests="1" errors="0" skipped="1" failures="0">
  <properties>
[...]
</properties>
  <testcase name="contextLoads" classname="com.example.fabrikam.TodoDemo.TodoDemoApplicationTests" time="0">
    <skipped/>
    <system-out><![CDATA[18:19:21.327 [main] DEBUG org.springframework.test.context.junit4.SpringJUnit4ClassRunner - SpringJUnit4ClassRunner constructor called with [class com.example.fabrikam.TodoDemo.TodoDemoApplicationTests]
18:19:21.334 [main] DEBUG org.springframework.test.context.BootstrapUtils - Instantiating CacheAwareContextLoaderDelegate from class [org.springframework.test.context.cache.DefaultCacheAwareContextLoaderDelegate]
18:19:21.349 [main] DEBUG org.springframework.test.context.BootstrapUtils - Instantiating BootstrapContext using constructor [public org.springframework.test.context.support.DefaultBootstrapContext(java.lang.Class,org.springframework.test.context.CacheAwareContextLoaderDelegate)]
18:19:21.381 [main] DEBUG org.springframework.test.context.BootstrapUtils - Instantiating TestContextBootstrapper for test class [com.example.fabrikam.TodoDemo.TodoDemoApplicationTests] from class [org.springframework.boot.test.context.SpringBootTestContextBootstrapper]
18:19:21.402 [main] INFO org.springframework.boot.test.context.SpringBootTestContextBootstrapper - Neither @ContextConfiguration nor @ContextHierarchy found for test class [com.example.fabrikam.TodoDemo.TodoDemoApplicationTests], using SpringBootContextLoader
18:19:21.407 [main] DEBUG org.springframework.test.context.support.AbstractContextLoader - Did not detect default resource location for test class [com.example.fabrikam.TodoDemo.TodoDemoApplicationTests]: class path resource [com/example/fabrikam/TodoDemo/TodoDemoApplicationTests-context.xml] does not exist
18:19:21.408 [main] DEBUG org.springframework.test.context.support.AbstractContextLoader - Did not detect default resource location for test class [com.example.fabrikam.TodoDemo.TodoDemoApplicationTests]: class path resource [com/example/fabrikam/TodoDemo/TodoDemoApplicationTestsContext.groovy] does not exist
18:19:21.408 [main] INFO org.springframework.test.context.support.AbstractContextLoader - Could not detect default resource locations for test class [com.example.fabrikam.TodoDemo.TodoDemoApplicationTests]: no resource found for suffixes {-context.xml, Context.groovy}.
18:19:21.409 [main] INFO org.springframework.test.context.support.AnnotationConfigContextLoaderUtils - Could not detect default configuration classes for test class [com.example.fabrikam.TodoDemo.TodoDemoApplicationTests]: TodoDemoApplicationTests does not declare any static, non-private, non-final, nested classes annotated with @Configuration.
18:19:21.472 [main] DEBUG org.springframework.test.context.support.ActiveProfilesUtils - Could not find an 'annotation declaring class' for annotation type [org.springframework.test.context.ActiveProfiles] and class [com.example.fabrikam.TodoDemo.TodoDemoApplicationTests]
18:19:21.583 [main] DEBUG org.springframework.context.annotation.ClassPathScanningCandidateComponentProvider - Identified candidate component class: file [/home/ds_user/dev/dse-todo/target/classes/com/example/fabrikam/TodoDemo/TodoDemoApplication.class]
18:19:21.597 [main] INFO org.springframework.boot.test.context.SpringBootTestContextBootstrapper - Found @SpringBootConfiguration com.example.fabrikam.TodoDemo.TodoDemoApplication for test class com.example.fabrikam.TodoDemo.TodoDemoApplicationTests
18:19:21.603 [main] DEBUG org.springframework.boot.test.context.SpringBootTestContextBootstrapper - @TestExecutionListeners is not present for class [com.example.fabrikam.TodoDemo.TodoDemoApplicationTests]: using defaults.
18:19:21.603 [main] INFO org.springframework.boot.test.context.SpringBootTestContextBootstrapper - Loaded default TestExecutionListener class names from location [META-INF/spring.factories]: [org.springframework.boot.test.mock.mockito.MockitoTestExecutionListener, org.springframework.boot.test.mock.mockito.ResetMocksTestExecutionListener, org.springframework.boot.test.autoconfigure.restdocs.RestDocsTestExecutionListener, org.springframework.boot.test.autoconfigure.web.client.MockRestServiceServerResetTestExecutionListener, org.springframework.boot.test.autoconfigure.web.servlet.MockMvcPrintOnlyOnFailureTestExecutionListener, org.springframework.boot.test.autoconfigure.web.servlet.WebDriverTestExecutionListener, org.springframework.test.context.web.ServletTestExecutionListener, org.springframework.test.context.support.DirtiesContextBeforeModesTestExecutionListener, org.springframework.test.context.support.DependencyInjectionTestExecutionListener, org.springframework.test.context.support.DirtiesContextTestExecutionListener, org.springframework.test.context.transaction.TransactionalTestExecutionListener, org.springframework.test.context.jdbc.SqlScriptsTestExecutionListener]
18:19:21.625 [main] INFO org.springframework.boot.test.context.SpringBootTestContextBootstrapper - Using TestExecutionListeners: [org.springframework.test.context.web.ServletTestExecutionListener@6295d394, org.springframework.test.context.support.DirtiesContextBeforeModesTestExecutionListener@475e586c, org.springframework.boot.test.autoconfigure.SpringBootDependencyInjectionTestExecutionListener@657c8ad9, org.springframework.test.context.support.DirtiesContextTestExecutionListener@436a4e4b, org.springframework.test.context.transaction.TransactionalTestExecutionListener@f2f2cc1, org.springframework.test.context.jdbc.SqlScriptsTestExecutionListener@3a079870, org.springframework.boot.test.mock.mockito.MockitoTestExecutionListener@3b2cf7ab, org.springframework.boot.test.mock.mockito.ResetMocksTestExecutionListener@2aa5fe93, org.springframework.boot.test.autoconfigure.restdocs.RestDocsTestExecutionListener@5c1a8622, org.springframework.boot.test.autoconfigure.web.client.MockRestServiceServerResetTestExecutionListener@5ad851c9, org.springframework.boot.test.autoconfigure.web.servlet.MockMvcPrintOnlyOnFailureTestExecutionListener@6156496, org.springframework.boot.test.autoconfigure.web.servlet.WebDriverTestExecutionListener@3c153a1]
18:19:21.628 [main] DEBUG org.springframework.test.annotation.ProfileValueUtils - Retrieved @ProfileValueSourceConfiguration [null] for test class [com.example.fabrikam.TodoDemo.TodoDemoApplicationTests]
18:19:21.628 [main] DEBUG org.springframework.test.annotation.ProfileValueUtils - Retrieved ProfileValueSource type [class org.springframework.test.annotation.SystemProfileValueSource] for class [com.example.fabrikam.TodoDemo.TodoDemoApplicationTests]
18:19:21.631 [main] DEBUG org.springframework.test.context.junit4.SpringJUnit4ClassRunner - SpringJUnit4ClassRunner constructor called with [class com.example.fabrikam.TodoDemo.TodoDemoApplicationTests]
18:19:21.631 [main] DEBUG org.springframework.test.context.BootstrapUtils - Instantiating CacheAwareContextLoaderDelegate from class [org.springframework.test.context.cache.DefaultCacheAwareContextLoaderDelegate]
18:19:21.631 [main] DEBUG org.springframework.test.context.BootstrapUtils - Instantiating BootstrapContext using constructor [public org.springframework.test.context.support.DefaultBootstrapContext(java.lang.Class,org.springframework.test.context.CacheAwareContextLoaderDelegate)]
18:19:21.632 [main] DEBUG org.springframework.test.context.BootstrapUtils - Instantiating TestContextBootstrapper for test class [com.example.fabrikam.TodoDemo.TodoDemoApplicationTests] from class [org.springframework.boot.test.context.SpringBootTestContextBootstrapper]
18:19:21.632 [main] INFO org.springframework.boot.test.context.SpringBootTestContextBootstrapper - Neither @ContextConfiguration nor @ContextHierarchy found for test class [com.example.fabrikam.TodoDemo.TodoDemoApplicationTests], using SpringBootContextLoader
18:19:21.633 [main] DEBUG org.springframework.test.context.support.AbstractContextLoader - Did not detect default resource location for test class [com.example.fabrikam.TodoDemo.TodoDemoApplicationTests]: class path resource [com/example/fabrikam/TodoDemo/TodoDemoApplicationTests-context.xml] does not exist
18:19:21.633 [main] DEBUG org.springframework.test.context.support.AbstractContextLoader - Did not detect default resource location for test class [com.example.fabrikam.TodoDemo.TodoDemoApplicationTests]: class path resource [com/example/fabrikam/TodoDemo/TodoDemoApplicationTestsContext.groovy] does not exist
18:19:21.633 [main] INFO org.springframework.test.context.support.AbstractContextLoader - Could not detect default resource locations for test class [com.example.fabrikam.TodoDemo.TodoDemoApplicationTests]: no resource found for suffixes {-context.xml, Context.groovy}.
18:19:21.634 [main] INFO org.springframework.test.context.support.AnnotationConfigContextLoaderUtils - Could not detect default configuration classes for test class [com.example.fabrikam.TodoDemo.TodoDemoApplicationTests]: TodoDemoApplicationTests does not declare any static, non-private, non-final, nested classes annotated with @Configuration.
18:19:21.635 [main] DEBUG org.springframework.test.context.support.ActiveProfilesUtils - Could not find an 'annotation declaring class' for annotation type [org.springframework.test.context.ActiveProfiles] and class [com.example.fabrikam.TodoDemo.TodoDemoApplicationTests]
18:19:21.636 [main] INFO org.springframework.boot.test.context.SpringBootTestContextBootstrapper - Found @SpringBootConfiguration com.example.fabrikam.TodoDemo.TodoDemoApplication for test class com.example.fabrikam.TodoDemo.TodoDemoApplicationTests
18:19:21.637 [main] DEBUG org.springframework.boot.test.context.SpringBootTestContextBootstrapper - @TestExecutionListeners is not present for class [com.example.fabrikam.TodoDemo.TodoDemoApplicationTests]: using defaults.
18:19:21.637 [main] INFO org.springframework.boot.test.context.SpringBootTestContextBootstrapper - Loaded default TestExecutionListener class names from location [META-INF/spring.factories]: [org.springframework.boot.test.mock.mockito.MockitoTestExecutionListener, org.springframework.boot.test.mock.mockito.ResetMocksTestExecutionListener, org.springframework.boot.test.autoconfigure.restdocs.RestDocsTestExecutionListener, org.springframework.boot.test.autoconfigure.web.client.MockRestServiceServerResetTestExecutionListener, org.springframework.boot.test.autoconfigure.web.servlet.MockMvcPrintOnlyOnFailureTestExecutionListener, org.springframework.boot.test.autoconfigure.web.servlet.WebDriverTestExecutionListener, org.springframework.test.context.web.ServletTestExecutionListener, org.springframework.test.context.support.DirtiesContextBeforeModesTestExecutionListener, org.springframework.test.context.support.DependencyInjectionTestExecutionListener, org.springframework.test.context.support.DirtiesContextTestExecutionListener, org.springframework.test.context.transaction.TransactionalTestExecutionListener, org.springframework.test.context.jdbc.SqlScriptsTestExecutionListener]
18:19:21.638 [main] INFO org.springframework.boot.test.context.SpringBootTestContextBootstrapper - Using TestExecutionListeners: [org.springframework.test.context.web.ServletTestExecutionListener@a4102b8, org.springframework.test.context.support.DirtiesContextBeforeModesTestExecutionListener@11dc3715, org.springframework.boot.test.autoconfigure.SpringBootDependencyInjectionTestExecutionListener@69930714, org.springframework.test.context.support.DirtiesContextTestExecutionListener@7a52f2a2, org.springframework.test.context.transaction.TransactionalTestExecutionListener@78047b92, org.springframework.test.context.jdbc.SqlScriptsTestExecutionListener@8909f18, org.springframework.boot.test.mock.mockito.MockitoTestExecutionListener@79ca92b9, org.springframework.boot.test.mock.mockito.ResetMocksTestExecutionListener@1460a8c0, org.springframework.boot.test.autoconfigure.restdocs.RestDocsTestExecutionListener@4f638935, org.springframework.boot.test.autoconfigure.web.client.MockRestServiceServerResetTestExecutionListener@4387b79e, org.springframework.boot.test.autoconfigure.web.servlet.MockMvcPrintOnlyOnFailureTestExecutionListener@6e75aa0d, org.springframework.boot.test.autoconfigure.web.servlet.WebDriverTestExecutionListener@7fc229ab]
18:19:21.638 [main] DEBUG org.springframework.test.annotation.ProfileValueUtils - Retrieved @ProfileValueSourceConfiguration [null] for test class [com.example.fabrikam.TodoDemo.TodoDemoApplicationTests]
18:19:21.638 [main] DEBUG org.springframework.test.annotation.ProfileValueUtils - Retrieved ProfileValueSource type [class org.springframework.test.annotation.SystemProfileValueSource] for class [com.example.fabrikam.TodoDemo.TodoDemoApplicationTests]
18:19:21.639 [main] DEBUG org.springframework.test.annotation.ProfileValueUtils - Retrieved @ProfileValueSourceConfiguration [null] for test class [com.example.fabrikam.TodoDemo.TodoDemoApplicationTests]
18:19:21.639 [main] DEBUG org.springframework.test.annotation.ProfileValueUtils - Retrieved ProfileValueSource type [class org.springframework.test.annotation.SystemProfileValueSource] for class [com.example.fabrikam.TodoDemo.TodoDemoApplicationTests]
]]></system-out>
  </testcase>
</testsuite>